Installing library in C:\Users\nprin\TicTacToe\.cabal-sandbox\x86_64-windows-ghc-8.4.2\adjunctions-4.4-FwzD0ZJ04F2C5CeKgl0Ecp
onts ( src\Control\Monad\Trans\Conts.hs, dist\dist-sandbox-7f9d0556\build\Control\Monad\Trans\Conts.o )
[ 2 of 11] Compiling Data.Functor.Contravariant.Rep ( src\Data\Functor\Contravariant\Rep.hs, dist\dist-sandbox-7f9d0556\build\Data\Functor\Contravariant\Rep.o )

src\Data\Functor\Contravariant\Rep.hs:59:1: warning: [-Winline-rule-shadowing]
    Rule "tabulate/index" may never fire
      because rule "Class op index" for `index' might fire first
    Probable fix: add phase [n] or [~n] to the competing rule
   |
59 | "tabulate/index" forall t. tabulate (index t) = t #-}
   | ^^^^^^^^^^^^^^^^^^^^^^^^^^^^^^^^^^^^^^^^^^^^^^^^^
[ 3 of 11] Compiling Data.Functor.Contravariant.Adjunction ( src\Data\Functor\Contravariant\Adjunction.hs, dist\dist-sandbox-7f9d0556\build\Data\Functor\Contravariant\Adjunction.o )
[ 4 of 11] Compiling Control.Monad.Trans.Contravariant.Adjoint ( src\Control\Monad\Trans\Contravariant\Adjoint.hs, dist\dist-sandbox-7f9d0556\build\Control\Monad\Trans\Contravariant\Adjoint.o )
[ 5 of 11] Compiling Data.Functor.Rep ( src\Data\Functor\Rep.hs, dist\dist-sandbox-7f9d0556\build\Data\Functor\Rep.o )

src\Data\Functor\Rep.hs:250:1: warning: [-Winline-rule-shadowing]
    Rule "tabulate/index" may never fire
      because rule "Class op index" for `index' might fire first
    Probable fix: add phase [n] or [~n] to the competing rule
    |
250 | "tabulate/index" forall t. tabulate (index t) = t #-}
    | ^^^^^^^^^^^^^^^^^^^^^^^^^^^^^^^^^^^^^^^^^^^^^^^^^
[ 6 of 11] Compiling Data.Functor.Adjunction ( src\Data\Functor\Adjunction.hs, dist\dist-sandbox-7f9d0556\build\Data\Functor\Adjunction.o )

src\Data\Functor\Adjunction.hs:9:14: warning: [-Wtrustworthy-safe]
    `Data.Functor.Adjunction' is marked as Trustworthy but has been inferred as safe!
  |
9 | {-# LANGUAGE Trustworthy #-}
  |              ^^^^^^^^^^^
[ 7 of 11] Compiling Control.Monad.Trans.Adjoint ( src\Control\Monad\Trans\Adjoint.hs, dist\dist-sandbox-7f9d0556\build\Control\Monad\Trans\Adjoint.o )
[ 8 of 11] Compiling Control.Comonad.Trans.Adjoint ( src\Control\Comonad\Trans\Adjoint.hs, dist\dist-sandbox-7f9d0556\build\Control\Comonad\Trans\Adjoint.o )
[ 9 of 11] Compiling Control.Monad.Representable.State ( src\Control\Monad\Representable\State.hs, dist\dist-sandbox-7f9d0556\build\Control\Monad\Representable\State.o )
[10 of 11] Compiling Control.Monad.Representable.Reader ( src\Control\Monad\Representable\Reader.hs, dist\dist-sandbox-7f9d0556\build\Control\Monad\Representable\Reader.o )
[11 of 11] Compiling Control.Comonad.Representable.Store ( src\Control\Comonad\Representable\Store.hs, dist\dist-sandbox-7f9d0556\build\Control\Comonad\Representable\Store.o )

src\Control\Comonad\Representable\Store.hs:46:1: warning: [-Wunused-imports]
    The import of `Data.Semigroup' is redundant
      except perhaps to import instances from `Data.Semigroup'
    To import instances alone, use: import Data.Semigroup()
   |
46 | import Data.Semigroup
   | ^^^^^^^^^^^^^^^^^^^^^
cabal: Leaving directory 'C:\Users\nprin\AppData\Local\Temp\cabal-tmp-1256\adjunctions-4.4'
