Installing library in C:\Users\nprin\TicTacToe\.cabal-sandbox\x86_64-windows-ghc-8.4.2\kan-extensions-5.1-1MN30aj4Anf2yGXEMeP60I
avariant.Coyoneda ( src\Data\Functor\Contravariant\Coyoneda.hs, dist\dist-sandbox-7f9d0556\build\Data\Functor\Contravariant\Coyoneda.o )
[ 2 of 12] Compiling Data.Functor.Contravariant.Day ( src\Data\Functor\Contravariant\Day.hs, dist\dist-sandbox-7f9d0556\build\Data\Functor\Contravariant\Day.o )
[ 3 of 12] Compiling Data.Functor.Contravariant.Yoneda ( src\Data\Functor\Contravariant\Yoneda.hs, dist\dist-sandbox-7f9d0556\build\Data\Functor\Contravariant\Yoneda.o )
[ 4 of 12] Compiling Data.Functor.Day ( src\Data\Functor\Day.hs, dist\dist-sandbox-7f9d0556\build\Data\Functor\Day.o )
[ 5 of 12] Compiling Data.Functor.Day.Curried ( src\Data\Functor\Day\Curried.hs, dist\dist-sandbox-7f9d0556\build\Data\Functor\Day\Curried.o )
[ 6 of 12] Compiling Data.Functor.Kan.Lan ( src\Data\Functor\Kan\Lan.hs, dist\dist-sandbox-7f9d0556\build\Data\Functor\Kan\Lan.o )
[ 7 of 12] Compiling Data.Functor.Coyoneda ( src\Data\Functor\Coyoneda.hs, dist\dist-sandbox-7f9d0556\build\Data\Functor\Coyoneda.o )

src\Data\Functor\Coyoneda.hs:10:14: warning: [-Wtrustworthy-safe]
    `Data.Functor.Coyoneda' is marked as Trustworthy but has been inferred as safe!
   |
10 | {-# LANGUAGE Trustworthy #-}
   |              ^^^^^^^^^^^
[ 8 of 12] Compiling Control.Comonad.Density ( src\Control\Comonad\Density.hs, dist\dist-sandbox-7f9d0556\build\Control\Comonad\Density.o )
[ 9 of 12] Compiling Control.Monad.Co ( src\Control\Monad\Co.hs, dist\dist-sandbox-7f9d0556\build\Control\Monad\Co.o )
[10 of 12] Compiling Data.Functor.Kan.Ran ( src\Data\Functor\Kan\Ran.hs, dist\dist-sandbox-7f9d0556\build\Data\Functor\Kan\Ran.o )

src\Data\Functor\Kan\Ran.hs:7:14: warning: [-Wtrustworthy-safe]
    `Data.Functor.Kan.Ran' is marked as Trustworthy but has been inferred as safe!
  |
7 | {-# LANGUAGE Trustworthy #-}
  |              ^^^^^^^^^^^
[11 of 12] Compiling Control.Monad.Codensity ( src\Control\Monad\Codensity.hs, dist\dist-sandbox-7f9d0556\build\Control\Monad\Codensity.o )

src\Control\Monad\Codensity.hs:10:14: warning: [-Wtrustworthy-safe]
    `Control.Monad.Codensity' is marked as Trustworthy but has been inferred as safe!
   |
10 | {-# LANGUAGE Trustworthy #-}
   |              ^^^^^^^^^^^
[12 of 12] Compiling Data.Functor.Yoneda ( src\Data\Functor\Yoneda.hs, dist\dist-sandbox-7f9d0556\build\Data\Functor\Yoneda.o )

src\Data\Functor\Yoneda.hs:9:14: warning: [-Wtrustworthy-safe]
    `Data.Functor.Yoneda' is marked as Trustworthy but has been inferred as safe!
  |
9 | {-# LANGUAGE Trustworthy #-}
  |              ^^^^^^^^^^^
cabal: Leaving directory 'C:\Users\nprin\AppData\Local\Temp\cabal-tmp-1256\kan-extensions-5.1'
