Installing library in C:\Users\nprin\TicTacToe\.cabal-sandbox\x86_64-windows-ghc-8.4.2\semigroupoids-5.2.2-96FW2ega4VtDJmxfL1sU8H
nd ( src\Data\Functor\Extend.hs, dist\dist-sandbox-7f9d0556\build\Data\Functor\Extend.o )
[ 2 of 21] Compiling Data.Functor.Bind.Class ( src\Data\Functor\Bind\Class.hs, dist\dist-sandbox-7f9d0556\build\Data\Functor\Bind\Class.o )
[ 3 of 21] Compiling Data.Functor.Apply ( src\Data\Functor\Apply.hs, dist\dist-sandbox-7f9d0556\build\Data\Functor\Apply.o )
[ 4 of 21] Compiling Data.Functor.Bind ( src\Data\Functor\Bind.hs, dist\dist-sandbox-7f9d0556\build\Data\Functor\Bind.o )
[ 5 of 21] Compiling Data.Functor.Bind.Trans ( src\Data\Functor\Bind\Trans.hs, dist\dist-sandbox-7f9d0556\build\Data\Functor\Bind\Trans.o )
[ 6 of 21] Compiling Data.Functor.Alt ( src\Data\Functor\Alt.hs, dist\dist-sandbox-7f9d0556\build\Data\Functor\Alt.o )
[ 7 of 21] Compiling Data.Bifunctor.Apply ( src\Data\Bifunctor\Apply.hs, dist\dist-sandbox-7f9d0556\build\Data\Bifunctor\Apply.o )
[ 8 of 21] Compiling Data.Functor.Plus ( src\Data\Functor\Plus.hs, dist\dist-sandbox-7f9d0556\build\Data\Functor\Plus.o )
[ 9 of 21] Compiling Data.Semigroupoid ( src\Data\Semigroupoid.hs, dist\dist-sandbox-7f9d0556\build\Data\Semigroupoid.o )
[10 of 21] Compiling Data.Semigroupoid.Dual ( src\Data\Semigroupoid\Dual.hs, dist\dist-sandbox-7f9d0556\build\Data\Semigroupoid\Dual.o )
[11 of 21] Compiling Data.Groupoid    ( src\Data\Groupoid.hs, dist\dist-sandbox-7f9d0556\build\Data\Groupoid.o )
[12 of 21] Compiling Data.Isomorphism ( src\Data\Isomorphism.hs, dist\dist-sandbox-7f9d0556\build\Data\Isomorphism.o )
[13 of 21] Compiling Data.Semigroupoid.Ob ( src\Data\Semigroupoid\Ob.hs, dist\dist-sandbox-7f9d0556\build\Data\Semigroupoid\Ob.o )
[14 of 21] Compiling Data.Semigroupoid.Static ( src\Data\Semigroupoid\Static.hs, dist\dist-sandbox-7f9d0556\build\Data\Semigroupoid\Static.o )
[15 of 21] Compiling Data.Traversable.Instances ( src\Data\Traversable\Instances.hs, dist\dist-sandbox-7f9d0556\build\Data\Traversable\Instances.o )
[16 of 21] Compiling Data.Semigroup.Foldable.Class ( src\Data\Semigroup\Foldable\Class.hs, dist\dist-sandbox-7f9d0556\build\Data\Semigroup\Foldable\Class.o )
[17 of 21] Compiling Data.Semigroup.Bifoldable ( src\Data\Semigroup\Bifoldable.hs, dist\dist-sandbox-7f9d0556\build\Data\Semigroup\Bifoldable.o )
[18 of 21] Compiling Data.Semigroup.Foldable ( src\Data\Semigroup\Foldable.hs, dist\dist-sandbox-7f9d0556\build\Data\Semigroup\Foldable.o )
[19 of 21] Compiling Data.Semigroup.Traversable.Class ( src\Data\Semigroup\Traversable\Class.hs, dist\dist-sandbox-7f9d0556\build\Data\Semigroup\Traversable\Class.o )
[20 of 21] Compiling Data.Semigroup.Traversable ( src\Data\Semigroup\Traversable.hs, dist\dist-sandbox-7f9d0556\build\Data\Semigroup\Traversable.o )
[21 of 21] Compiling Data.Semigroup.Bitraversable ( src\Data\Semigroup\Bitraversable.hs, dist\dist-sandbox-7f9d0556\build\Data\Semigroup\Bitraversable.o )
cabal: Leaving directory 'C:\Users\nprin\AppData\Local\Temp\cabal-tmp-1256\semigroupoids-5.2.2'
